Determining if the pthread_create exist failed with the following output:
Change Dir: /home/Evan/Desktop/test/CPP_rtype_2019/server/CMakeFiles/CMakeTmp

Run Build Command(s):/usr/bin/gmake cmTC_3ab8e/fast 
/usr/bin/gmake -f CMakeFiles/cmTC_3ab8e.dir/build.make CMakeFiles/cmTC_3ab8e.dir/build
gmake[1]: Entering directory '/home/Evan/Desktop/test/CPP_rtype_2019/server/CMakeFiles/CMakeTmp'
Building C object CMakeFiles/cmTC_3ab8e.dir/CheckSymbolExists.c.o
/usr/bin/cc    -o CMakeFiles/cmTC_3ab8e.dir/CheckSymbolExists.c.o   -c /home/Evan/Desktop/test/CPP_rtype_2019/server/CMakeFiles/CMakeTmp/CheckSymbolExists.c
Linking C executable cmTC_3ab8e
/usr/bin/cmake -E cmake_link_script CMakeFiles/cmTC_3ab8e.dir/link.txt --verbose=1
/usr/bin/cc      CMakeFiles/cmTC_3ab8e.dir/CheckSymbolExists.c.o  -o cmTC_3ab8e 
/usr/bin/ld: CMakeFiles/cmTC_3ab8e.dir/CheckSymbolExists.c.o: in function `main':
CheckSymbolExists.c:(.text+0x16): undefined reference to `pthread_create'
collect2: error: ld returned 1 exit status
gmake[1]: *** [CMakeFiles/cmTC_3ab8e.dir/build.make:87: cmTC_3ab8e] Error 1
gmake[1]: Leaving directory '/home/Evan/Desktop/test/CPP_rtype_2019/server/CMakeFiles/CMakeTmp'
gmake: *** [Makefile:121: cmTC_3ab8e/fast] Error 2

File /home/Evan/Desktop/test/CPP_rtype_2019/server/CMakeFiles/CMakeTmp/CheckSymbolExists.c:
/* */
#include <pthread.h>

int main(int argc, char** argv)
{
  (void)argv;
#ifndef pthread_create
  return ((int*)(&pthread_create))[argc];
#else
  (void)argc;
  return 0;
#endif
}

Determining if the function pthread_create exists in the pthreads failed with the following output:
Change Dir: /home/Evan/Desktop/test/CPP_rtype_2019/server/CMakeFiles/CMakeTmp

Run Build Command(s):/usr/bin/gmake cmTC_17ff5/fast 
/usr/bin/gmake -f CMakeFiles/cmTC_17ff5.dir/build.make CMakeFiles/cmTC_17ff5.dir/build
gmake[1]: Entering directory '/home/Evan/Desktop/test/CPP_rtype_2019/server/CMakeFiles/CMakeTmp'
Building C object CMakeFiles/cmTC_17ff5.dir/CheckFunctionExists.c.o
/usr/bin/cc   -DCHECK_FUNCTION_EXISTS=pthread_create   -o CMakeFiles/cmTC_17ff5.dir/CheckFunctionExists.c.o   -c /usr/share/cmake/Modules/CheckFunctionExists.c
Linking C executable cmTC_17ff5
/usr/bin/cmake -E cmake_link_script CMakeFiles/cmTC_17ff5.dir/link.txt --verbose=1
/usr/bin/cc  -DCHECK_FUNCTION_EXISTS=pthread_create    CMakeFiles/cmTC_17ff5.dir/CheckFunctionExists.c.o  -o cmTC_17ff5 -lpthreads 
/usr/bin/ld: cannot find -lpthreads
collect2: error: ld returned 1 exit status
gmake[1]: *** [CMakeFiles/cmTC_17ff5.dir/build.make:87: cmTC_17ff5] Error 1
gmake[1]: Leaving directory '/home/Evan/Desktop/test/CPP_rtype_2019/server/CMakeFiles/CMakeTmp'
gmake: *** [Makefile:121: cmTC_17ff5/fast] Error 2


